#! /c/Source/iverilog-install/bin/vvp
:ivl_version "12.0 (devel)" "(s20150603-1539-g2693dd32b)";
:ivl_delay_selection "TYPICAL";
:vpi_time_precision + 0;
:vpi_module "C:\iverilog\lib\ivl\system.vpi";
:vpi_module "C:\iverilog\lib\ivl\vhdl_sys.vpi";
:vpi_module "C:\iverilog\lib\ivl\vhdl_textio.vpi";
:vpi_module "C:\iverilog\lib\ivl\v2005_math.vpi";
:vpi_module "C:\iverilog\lib\ivl\va_math.vpi";
:vpi_module "C:\iverilog\lib\ivl\v2009.vpi";
S_000002c16f3d17b0 .scope package, "$unit" "$unit" 2 1;
 .timescale 0 0;
S_000002c16f3d1940 .scope module, "fsm_controller_tb" "fsm_controller_tb" 3 1;
 .timescale 0 0;
v000002c16f42a450_0 .var "clk", 0 0;
v000002c16f42a4f0_0 .net "decode_en", 0 0, v000002c16f3cfec0_0;  1 drivers
v000002c16f42a590_0 .net "exec_en", 0 0, v000002c16f4b9b20_0;  1 drivers
v000002c16f42b3a0_0 .net "fetch_en", 0 0, v000002c16f392910_0;  1 drivers
v000002c16f42b4e0_0 .net "pc", 7 0, v000002c16f3c9430_0;  1 drivers
v000002c16f42a680_0 .var "reset", 0 0;
v000002c16f42b080_0 .net "wb_en", 0 0, v000002c16f3c9610_0;  1 drivers
E_000002c16f4b8220 .event posedge, v000002c16f3cffe0_0;
S_000002c16f3c92a0 .scope module, "uut" "fsm_controller" 3 8, 4 1 0, S_000002c16f3d1940;
 .timescale 0 0;
    .port_info 0 /INPUT 1 "clk";
    .port_info 1 /INPUT 1 "reset";
    .port_info 2 /OUTPUT 8 "pc";
    .port_info 3 /OUTPUT 1 "fetch_en";
    .port_info 4 /OUTPUT 1 "decode_en";
    .port_info 5 /OUTPUT 1 "exec_en";
    .port_info 6 /OUTPUT 1 "wb_en";
enum000002c16f3cf0f0 .enum4 (3)
   "FETCH" 3'b000,
   "DECODE" 3'b001,
   "EXECUTE" 3'b010,
   "WRITEBACK" 3'b011,
   "NEXT" 3'b100
 ;
v000002c16f3cffe0_0 .net "clk", 0 0, v000002c16f42a450_0;  1 drivers
v000002c16f3cfec0_0 .var "decode_en", 0 0;
v000002c16f4b9b20_0 .var "exec_en", 0 0;
v000002c16f392910_0 .var "fetch_en", 0 0;
v000002c16f3d1ad0_0 .var "next_state", 2 0;
v000002c16f3c9430_0 .var "pc", 7 0;
v000002c16f3c94d0_0 .net "reset", 0 0, v000002c16f42a680_0;  1 drivers
v000002c16f3c9570_0 .var "state", 2 0;
v000002c16f3c9610_0 .var "wb_en", 0 0;
E_000002c16f4b82a0 .event posedge, v000002c16f3c94d0_0, v000002c16f3cffe0_0;
E_000002c16f4b82e0 .event anyedge, v000002c16f3c9570_0;
    .scope S_000002c16f3c92a0;
T_0 ;
    %wait E_000002c16f4b82a0;
    %load/vec4 v000002c16f3c94d0_0;
    %flag_set/vec4 8;
    %jmp/0xz  T_0.0, 8;
    %pushi/vec4 0, 0, 3;
    %assign/vec4 v000002c16f3c9570_0, 0;
    %jmp T_0.1;
T_0.0 ;
    %load/vec4 v000002c16f3d1ad0_0;
    %assign/vec4 v000002c16f3c9570_0, 0;
T_0.1 ;
    %jmp T_0;
    .thread T_0;
    .scope S_000002c16f3c92a0;
T_1 ;
Ewait_0 .event/or E_000002c16f4b82e0, E_0x0;
    %wait Ewait_0;
    %pushi/vec4 0, 0, 1;
    %store/vec4 v000002c16f392910_0, 0, 1;
    %pushi/vec4 0, 0, 1;
    %store/vec4 v000002c16f3cfec0_0, 0, 1;
    %pushi/vec4 0, 0, 1;
    %store/vec4 v000002c16f4b9b20_0, 0, 1;
    %pushi/vec4 0, 0, 1;
    %store/vec4 v000002c16f3c9610_0, 0, 1;
    %load/vec4 v000002c16f3c9570_0;
    %store/vec4 v000002c16f3d1ad0_0, 0, 3;
    %load/vec4 v000002c16f3c9570_0;
    %dup/vec4;
    %pushi/vec4 0, 0, 3;
    %cmp/u;
    %jmp/1 T_1.0, 6;
    %dup/vec4;
    %pushi/vec4 1, 0, 3;
    %cmp/u;
    %jmp/1 T_1.1, 6;
    %dup/vec4;
    %pushi/vec4 2, 0, 3;
    %cmp/u;
    %jmp/1 T_1.2, 6;
    %dup/vec4;
    %pushi/vec4 3, 0, 3;
    %cmp/u;
    %jmp/1 T_1.3, 6;
    %dup/vec4;
    %pushi/vec4 4, 0, 3;
    %cmp/u;
    %jmp/1 T_1.4, 6;
    %jmp T_1.5;
T_1.0 ;
    %pushi/vec4 1, 0, 1;
    %store/vec4 v000002c16f392910_0, 0, 1;
    %pushi/vec4 1, 0, 3;
    %store/vec4 v000002c16f3d1ad0_0, 0, 3;
    %jmp T_1.5;
T_1.1 ;
    %pushi/vec4 1, 0, 1;
    %store/vec4 v000002c16f3cfec0_0, 0, 1;
    %pushi/vec4 2, 0, 3;
    %store/vec4 v000002c16f3d1ad0_0, 0, 3;
    %jmp T_1.5;
T_1.2 ;
    %pushi/vec4 1, 0, 1;
    %store/vec4 v000002c16f4b9b20_0, 0, 1;
    %pushi/vec4 3, 0, 3;
    %store/vec4 v000002c16f3d1ad0_0, 0, 3;
    %jmp T_1.5;
T_1.3 ;
    %pushi/vec4 1, 0, 1;
    %store/vec4 v000002c16f3c9610_0, 0, 1;
    %pushi/vec4 4, 0, 3;
    %store/vec4 v000002c16f3d1ad0_0, 0, 3;
    %jmp T_1.5;
T_1.4 ;
    %pushi/vec4 0, 0, 3;
    %store/vec4 v000002c16f3d1ad0_0, 0, 3;
    %jmp T_1.5;
T_1.5 ;
    %pop/vec4 1;
    %jmp T_1;
    .thread T_1, $push;
    .scope S_000002c16f3c92a0;
T_2 ;
    %wait E_000002c16f4b82a0;
    %load/vec4 v000002c16f3c94d0_0;
    %flag_set/vec4 8;
    %jmp/0xz  T_2.0, 8;
    %pushi/vec4 0, 0, 8;
    %assign/vec4 v000002c16f3c9430_0, 0;
    %jmp T_2.1;
T_2.0 ;
    %load/vec4 v000002c16f3c9570_0;
    %cmpi/e 4, 0, 3;
    %jmp/0xz  T_2.2, 4;
    %load/vec4 v000002c16f3c9430_0;
    %addi 1, 0, 8;
    %assign/vec4 v000002c16f3c9430_0, 0;
T_2.2 ;
T_2.1 ;
    %jmp T_2;
    .thread T_2;
    .scope S_000002c16f3d1940;
T_3 ;
    %vpi_call/w 3 20 "$dumpfile", "fsm_tb.vcd" {0 0 0};
    %vpi_call/w 3 21 "$dumpvars", 32'sb00000000000000000000000000000000, S_000002c16f3d1940 {0 0 0};
    %end;
    .thread T_3;
    .scope S_000002c16f3d1940;
T_4 ;
    %pushi/vec4 0, 0, 1;
    %store/vec4 v000002c16f42a450_0, 0, 1;
T_4.0 ;
    %delay 5, 0;
    %load/vec4 v000002c16f42a450_0;
    %inv;
    %store/vec4 v000002c16f42a450_0, 0, 1;
    %jmp T_4.0;
    %end;
    .thread T_4;
    .scope S_000002c16f3d1940;
T_5 ;
    %pushi/vec4 1, 0, 1;
    %store/vec4 v000002c16f42a680_0, 0, 1;
    %delay 12, 0;
    %pushi/vec4 0, 0, 1;
    %store/vec4 v000002c16f42a680_0, 0, 1;
    %delay 8, 0;
    %pushi/vec4 15, 0, 32;
T_5.0 %dup/vec4;
    %pushi/vec4 0, 0, 32;
    %cmp/s;
    %jmp/1xz T_5.1, 5;
    %jmp/1 T_5.1, 4;
    %pushi/vec4 1, 0, 32;
    %sub;
    %wait E_000002c16f4b8220;
    %jmp T_5.0;
T_5.1 ;
    %pop/vec4 1;
    %pushi/vec4 1, 0, 1;
    %store/vec4 v000002c16f42a680_0, 0, 1;
    %delay 10, 0;
    %pushi/vec4 0, 0, 1;
    %store/vec4 v000002c16f42a680_0, 0, 1;
    %delay 8, 0;
    %pushi/vec4 6, 0, 32;
T_5.2 %dup/vec4;
    %pushi/vec4 0, 0, 32;
    %cmp/s;
    %jmp/1xz T_5.3, 5;
    %jmp/1 T_5.3, 4;
    %pushi/vec4 1, 0, 32;
    %sub;
    %wait E_000002c16f4b8220;
    %jmp T_5.2;
T_5.3 ;
    %pop/vec4 1;
    %vpi_call/w 3 52 "$finish" {0 0 0};
    %end;
    .thread T_5;
    .scope S_000002c16f3d1940;
T_6 ;
    %wait E_000002c16f4b8220;
    %vpi_call/w 3 57 "$display", "T=%0t | reset=%b | pc=%0d | fetch=%b decode=%b exec=%b wb=%b", $time, v000002c16f42a680_0, v000002c16f42b4e0_0, v000002c16f42b3a0_0, v000002c16f42a4f0_0, v000002c16f42a590_0, v000002c16f42b080_0 {0 0 0};
    %jmp T_6;
    .thread T_6;
# The file index is used to find the file name in the following table.
:file_names 5;
    "N/A";
    "<interactive>";
    "-";
    "fsm_controller_tb.sv";
    "fsm_controller.sv";
